2019-10-20 00:58:13.141[%PARSER_ERROR[thead]]DEBUGcom.yiran.o2o.dao.ProductDao.insertProduct - ==>  Preparing: INSERT INTO tb_product(product_name,product_desc,img_addr, normal_price,promotion_price,priority,create_time, last_edit_time,enable_status,product_category_id, shop_id) VALUES (?,?,?, ?,?,?,?, ?,?,?, ?) 
2019-10-20 00:58:13.201[%PARSER_ERROR[thead]]DEBUGcom.yiran.o2o.dao.ProductDao.insertProduct - ==> Parameters: 测试1(String), 测试Desc1(String), test1(String), null, null, 1(Integer), 2019-10-20 00:58:12.821(Timestamp), 2019-10-20 00:58:12.821(Timestamp), 1(Integer), 1(Long), 1(Long)
2019-10-20 00:58:13.203[%PARSER_ERROR[thead]]DEBUGcom.yiran.o2o.dao.ProductDao.insertProduct - <==    Updates: 1
2019-10-20 00:58:13.211[%PARSER_ERROR[thead]]DEBUGcom.yiran.o2o.dao.ProductDao.insertProduct - ==>  Preparing: INSERT INTO tb_product(product_name,product_desc,img_addr, normal_price,promotion_price,priority,create_time, last_edit_time,enable_status,product_category_id, shop_id) VALUES (?,?,?, ?,?,?,?, ?,?,?, ?) 
2019-10-20 00:58:13.212[%PARSER_ERROR[thead]]DEBUGcom.yiran.o2o.dao.ProductDao.insertProduct - ==> Parameters: 测试2(String), 测试Desc2(String), test2(String), null, null, 2(Integer), 2019-10-20 00:58:12.821(Timestamp), 2019-10-20 00:58:12.821(Timestamp), 0(Integer), 1(Long), 1(Long)
2019-10-20 00:58:13.213[%PARSER_ERROR[thead]]DEBUGcom.yiran.o2o.dao.ProductDao.insertProduct - <==    Updates: 1
2019-10-20 00:58:13.214[%PARSER_ERROR[thead]]DEBUGcom.yiran.o2o.dao.ProductDao.insertProduct - ==>  Preparing: INSERT INTO tb_product(product_name,product_desc,img_addr, normal_price,promotion_price,priority,create_time, last_edit_time,enable_status,product_category_id, shop_id) VALUES (?,?,?, ?,?,?,?, ?,?,?, ?) 
2019-10-20 00:58:13.215[%PARSER_ERROR[thead]]DEBUGcom.yiran.o2o.dao.ProductDao.insertProduct - ==> Parameters: test3(String), 测试Desc3(String), test3(String), null, null, 3(Integer), 2019-10-20 00:58:12.821(Timestamp), 2019-10-20 00:58:12.821(Timestamp), 1(Integer), 1(Long), 1(Long)
2019-10-20 00:58:13.216[%PARSER_ERROR[thead]]DEBUGcom.yiran.o2o.dao.ProductDao.insertProduct - <==    Updates: 1
2019-10-20 00:58:13.253[%PARSER_ERROR[thead]]DEBUGcom.yiran.o2o.dao.ProductDao.queryProductList - ==>  Preparing: SELECT product_id, product_name, product_desc, img_addr, normal_price, promotion_price, priority, create_time, last_edit_time, enable_status, product_category_id, shop_id FROM tb_product ORDER BY priority DESC LIMIT ?,?; 
2019-10-20 00:58:13.254[%PARSER_ERROR[thead]]DEBUGcom.yiran.o2o.dao.ProductDao.queryProductList - ==> Parameters: 0(Integer), 3(Integer)
2019-10-20 00:58:13.274[%PARSER_ERROR[thead]]DEBUGcom.yiran.o2o.dao.ProductDao.queryProductList - <==      Total: 3
2019-10-20 00:58:13.280[%PARSER_ERROR[thead]]DEBUGcom.yiran.o2o.dao.ProductDao.queryProductCount - ==>  Preparing: SELECT count(1) FROM tb_product 
2019-10-20 00:58:13.280[%PARSER_ERROR[thead]]DEBUGcom.yiran.o2o.dao.ProductDao.queryProductCount - ==> Parameters: 
2019-10-20 00:58:13.284[%PARSER_ERROR[thead]]DEBUGcom.yiran.o2o.dao.ProductDao.queryProductCount - <==      Total: 1
2019-10-20 00:58:13.286[%PARSER_ERROR[thead]]DEBUGcom.yiran.o2o.dao.ProductDao.queryProductList - ==>  Preparing: SELECT product_id, product_name, product_desc, img_addr, normal_price, promotion_price, priority, create_time, last_edit_time, enable_status, product_category_id, shop_id FROM tb_product WHERE product_name like '%测试%' ORDER BY priority DESC LIMIT ?,?; 
2019-10-20 00:58:13.286[%PARSER_ERROR[thead]]DEBUGcom.yiran.o2o.dao.ProductDao.queryProductList - ==> Parameters: 0(Integer), 3(Integer)
2019-10-20 00:58:13.290[%PARSER_ERROR[thead]]DEBUGcom.yiran.o2o.dao.ProductDao.queryProductList - <==      Total: 3
2019-10-20 00:58:13.295[%PARSER_ERROR[thead]]DEBUGc.y.o2o.dao.ProductImgDao.batchInsertProductImg - ==>  Preparing: INSERT INTO tb_product_img(img_addr,img_desc,priority, create_time,product_id) VALUES ( ?, ?, ?, ?, ? ) , ( ?, ?, ?, ?, ? ) 
2019-10-20 00:58:13.296[%PARSER_ERROR[thead]]DEBUGc.y.o2o.dao.ProductImgDao.batchInsertProductImg - ==> Parameters: 图片1(String), 测试图片1(String), 1(Integer), 2019-10-20 00:58:13.293(Timestamp), 1(Long), 图片2(String), null, 1(Integer), 2019-10-20 00:58:13.293(Timestamp), 1(Long)
2019-10-20 00:58:13.297[%PARSER_ERROR[thead]]DEBUGc.y.o2o.dao.ProductImgDao.batchInsertProductImg - <==    Updates: 2
2019-10-20 00:58:13.297[%PARSER_ERROR[thead]]DEBUGcom.yiran.o2o.dao.ProductDao.queryProductById - ==>  Preparing: SELECT p.product_id, p.product_name, p.product_desc, p.img_addr, p.normal_price, p.promotion_price, p.priority, p.create_time, p.last_edit_time, p.enable_status, p.product_category_id, p.shop_id, pm.product_img_id, pm.img_addr AS detail_img, pm.img_desc, pm.priority, pm.create_time FROM tb_product p LEFT JOIN tb_product_img pm ON p.product_id = pm.product_id WHERE p.product_id = ? ORDER BY pm.priority DESC 
2019-10-20 00:58:13.298[%PARSER_ERROR[thead]]DEBUGcom.yiran.o2o.dao.ProductDao.queryProductById - ==> Parameters: 1(Long)
2019-10-20 00:58:13.301[%PARSER_ERROR[thead]]DEBUGcom.yiran.o2o.dao.ProductDao.queryProductById - <==      Total: 4
2019-10-20 00:58:13.304[%PARSER_ERROR[thead]]DEBUGcom.yiran.o2o.dao.ProductDao.updateProduct - ==>  Preparing: UPDATE tb_product SET product_name=?, product_category_id=? WHERE product_id = ? AND shop_id=? 
2019-10-20 00:58:13.305[%PARSER_ERROR[thead]]DEBUGcom.yiran.o2o.dao.ProductDao.updateProduct - ==> Parameters: 第二个产品(String), 2(Long), 1(Long), 1(Long)
2019-10-20 00:58:13.306[%PARSER_ERROR[thead]]DEBUGcom.yiran.o2o.dao.ProductDao.updateProduct - <==    Updates: 1
2019-10-20 00:58:39.161[%PARSER_ERROR[thead]]DEBUGcom.yiran.o2o.dao.ProductDao.insertProduct - ==>  Preparing: INSERT INTO tb_product(product_name,product_desc,img_addr, normal_price,promotion_price,priority,create_time, last_edit_time,enable_status,product_category_id, shop_id) VALUES (?,?,?, ?,?,?,?, ?,?,?, ?) 
2019-10-20 00:58:39.201[%PARSER_ERROR[thead]]DEBUGcom.yiran.o2o.dao.ProductDao.insertProduct - ==> Parameters: 测试1(String), 测试Desc1(String), test1(String), null, null, 1(Integer), 2019-10-20 00:58:38.875(Timestamp), 2019-10-20 00:58:38.875(Timestamp), 1(Integer), 1(Long), 1(Long)
2019-10-20 00:58:39.203[%PARSER_ERROR[thead]]DEBUGcom.yiran.o2o.dao.ProductDao.insertProduct - <==    Updates: 1
2019-10-20 00:58:39.209[%PARSER_ERROR[thead]]DEBUGcom.yiran.o2o.dao.ProductDao.insertProduct - ==>  Preparing: INSERT INTO tb_product(product_name,product_desc,img_addr, normal_price,promotion_price,priority,create_time, last_edit_time,enable_status,product_category_id, shop_id) VALUES (?,?,?, ?,?,?,?, ?,?,?, ?) 
2019-10-20 00:58:39.210[%PARSER_ERROR[thead]]DEBUGcom.yiran.o2o.dao.ProductDao.insertProduct - ==> Parameters: 测试2(String), 测试Desc2(String), test2(String), null, null, 2(Integer), 2019-10-20 00:58:38.875(Timestamp), 2019-10-20 00:58:38.875(Timestamp), 0(Integer), 1(Long), 1(Long)
2019-10-20 00:58:39.211[%PARSER_ERROR[thead]]DEBUGcom.yiran.o2o.dao.ProductDao.insertProduct - <==    Updates: 1
2019-10-20 00:58:39.212[%PARSER_ERROR[thead]]DEBUGcom.yiran.o2o.dao.ProductDao.insertProduct - ==>  Preparing: INSERT INTO tb_product(product_name,product_desc,img_addr, normal_price,promotion_price,priority,create_time, last_edit_time,enable_status,product_category_id, shop_id) VALUES (?,?,?, ?,?,?,?, ?,?,?, ?) 
2019-10-20 00:58:39.213[%PARSER_ERROR[thead]]DEBUGcom.yiran.o2o.dao.ProductDao.insertProduct - ==> Parameters: test3(String), 测试Desc3(String), test3(String), null, null, 3(Integer), 2019-10-20 00:58:38.875(Timestamp), 2019-10-20 00:58:38.875(Timestamp), 1(Integer), 1(Long), 1(Long)
2019-10-20 00:58:39.214[%PARSER_ERROR[thead]]DEBUGcom.yiran.o2o.dao.ProductDao.insertProduct - <==    Updates: 1
2019-10-20 00:58:39.244[%PARSER_ERROR[thead]]DEBUGcom.yiran.o2o.dao.ProductDao.queryProductList - ==>  Preparing: SELECT product_id, product_name, product_desc, img_addr, normal_price, promotion_price, priority, create_time, last_edit_time, enable_status, product_category_id, shop_id FROM tb_product ORDER BY priority DESC LIMIT ?,?; 
2019-10-20 00:58:39.245[%PARSER_ERROR[thead]]DEBUGcom.yiran.o2o.dao.ProductDao.queryProductList - ==> Parameters: 0(Integer), 3(Integer)
2019-10-20 00:58:39.264[%PARSER_ERROR[thead]]DEBUGcom.yiran.o2o.dao.ProductDao.queryProductList - <==      Total: 3
2019-10-20 00:58:39.270[%PARSER_ERROR[thead]]DEBUGcom.yiran.o2o.dao.ProductDao.queryProductCount - ==>  Preparing: SELECT count(1) FROM tb_product 
2019-10-20 00:58:39.271[%PARSER_ERROR[thead]]DEBUGcom.yiran.o2o.dao.ProductDao.queryProductCount - ==> Parameters: 
2019-10-20 00:58:39.272[%PARSER_ERROR[thead]]DEBUGcom.yiran.o2o.dao.ProductDao.queryProductCount - <==      Total: 1
2019-10-20 00:58:39.273[%PARSER_ERROR[thead]]DEBUGcom.yiran.o2o.dao.ProductDao.queryProductList - ==>  Preparing: SELECT product_id, product_name, product_desc, img_addr, normal_price, promotion_price, priority, create_time, last_edit_time, enable_status, product_category_id, shop_id FROM tb_product WHERE product_name like '%测试%' ORDER BY priority DESC LIMIT ?,?; 
2019-10-20 00:58:39.274[%PARSER_ERROR[thead]]DEBUGcom.yiran.o2o.dao.ProductDao.queryProductList - ==> Parameters: 0(Integer), 3(Integer)
2019-10-20 00:58:39.276[%PARSER_ERROR[thead]]DEBUGcom.yiran.o2o.dao.ProductDao.queryProductList - <==      Total: 3
2019-10-20 00:58:39.277[%PARSER_ERROR[thead]]DEBUGcom.yiran.o2o.dao.ProductDao.queryProductCount - ==>  Preparing: SELECT count(1) FROM tb_product WHERE product_name like '%测试%' 
2019-10-20 00:58:39.277[%PARSER_ERROR[thead]]DEBUGcom.yiran.o2o.dao.ProductDao.queryProductCount - ==> Parameters: 
2019-10-20 00:58:39.278[%PARSER_ERROR[thead]]DEBUGcom.yiran.o2o.dao.ProductDao.queryProductCount - <==      Total: 1
2019-10-20 00:58:39.283[%PARSER_ERROR[thead]]DEBUGc.y.o2o.dao.ProductImgDao.batchInsertProductImg - ==>  Preparing: INSERT INTO tb_product_img(img_addr,img_desc,priority, create_time,product_id) VALUES ( ?, ?, ?, ?, ? ) , ( ?, ?, ?, ?, ? ) 
2019-10-20 00:58:39.284[%PARSER_ERROR[thead]]DEBUGc.y.o2o.dao.ProductImgDao.batchInsertProductImg - ==> Parameters: 图片1(String), 测试图片1(String), 1(Integer), 2019-10-20 00:58:39.281(Timestamp), 1(Long), 图片2(String), null, 1(Integer), 2019-10-20 00:58:39.281(Timestamp), 1(Long)
2019-10-20 00:58:39.285[%PARSER_ERROR[thead]]DEBUGc.y.o2o.dao.ProductImgDao.batchInsertProductImg - <==    Updates: 2
2019-10-20 00:58:39.286[%PARSER_ERROR[thead]]DEBUGcom.yiran.o2o.dao.ProductDao.queryProductById - ==>  Preparing: SELECT p.product_id, p.product_name, p.product_desc, p.img_addr, p.normal_price, p.promotion_price, p.priority, p.create_time, p.last_edit_time, p.enable_status, p.product_category_id, p.shop_id, pm.product_img_id, pm.img_addr AS detail_img, pm.img_desc, pm.priority, pm.create_time FROM tb_product p LEFT JOIN tb_product_img pm ON p.product_id = pm.product_id WHERE p.product_id = ? ORDER BY pm.priority DESC 
2019-10-20 00:58:39.286[%PARSER_ERROR[thead]]DEBUGcom.yiran.o2o.dao.ProductDao.queryProductById - ==> Parameters: 1(Long)
2019-10-20 00:58:39.290[%PARSER_ERROR[thead]]DEBUGcom.yiran.o2o.dao.ProductDao.queryProductById - <==      Total: 6
2019-10-20 00:58:39.294[%PARSER_ERROR[thead]]DEBUGcom.yiran.o2o.dao.ProductDao.updateProduct - ==>  Preparing: UPDATE tb_product SET product_name=?, product_category_id=? WHERE product_id = ? AND shop_id=? 
2019-10-20 00:58:39.294[%PARSER_ERROR[thead]]DEBUGcom.yiran.o2o.dao.ProductDao.updateProduct - ==> Parameters: 第二个产品(String), 2(Long), 1(Long), 1(Long)
2019-10-20 00:58:39.295[%PARSER_ERROR[thead]]DEBUGcom.yiran.o2o.dao.ProductDao.updateProduct - <==    Updates: 1
2019-10-20 01:00:23.641[%PARSER_ERROR[thead]]DEBUGcom.yiran.o2o.dao.ProductDao.insertProduct - ==>  Preparing: INSERT INTO tb_product(product_name,product_desc,img_addr, normal_price,promotion_price,priority,create_time, last_edit_time,enable_status,product_category_id, shop_id) VALUES (?,?,?, ?,?,?,?, ?,?,?, ?) 
2019-10-20 01:00:23.683[%PARSER_ERROR[thead]]DEBUGcom.yiran.o2o.dao.ProductDao.insertProduct - ==> Parameters: 测试1(String), 测试Desc1(String), test1(String), null, null, 1(Integer), 2019-10-20 01:00:23.346(Timestamp), 2019-10-20 01:00:23.346(Timestamp), 1(Integer), 1(Long), 1(Long)
2019-10-20 01:00:23.685[%PARSER_ERROR[thead]]DEBUGcom.yiran.o2o.dao.ProductDao.insertProduct - <==    Updates: 1
2019-10-20 01:00:23.691[%PARSER_ERROR[thead]]DEBUGcom.yiran.o2o.dao.ProductDao.insertProduct - ==>  Preparing: INSERT INTO tb_product(product_name,product_desc,img_addr, normal_price,promotion_price,priority,create_time, last_edit_time,enable_status,product_category_id, shop_id) VALUES (?,?,?, ?,?,?,?, ?,?,?, ?) 
2019-10-20 01:00:23.692[%PARSER_ERROR[thead]]DEBUGcom.yiran.o2o.dao.ProductDao.insertProduct - ==> Parameters: 测试2(String), 测试Desc2(String), test2(String), null, null, 2(Integer), 2019-10-20 01:00:23.347(Timestamp), 2019-10-20 01:00:23.347(Timestamp), 0(Integer), 1(Long), 1(Long)
2019-10-20 01:00:23.693[%PARSER_ERROR[thead]]DEBUGcom.yiran.o2o.dao.ProductDao.insertProduct - <==    Updates: 1
2019-10-20 01:00:23.694[%PARSER_ERROR[thead]]DEBUGcom.yiran.o2o.dao.ProductDao.insertProduct - ==>  Preparing: INSERT INTO tb_product(product_name,product_desc,img_addr, normal_price,promotion_price,priority,create_time, last_edit_time,enable_status,product_category_id, shop_id) VALUES (?,?,?, ?,?,?,?, ?,?,?, ?) 
2019-10-20 01:00:23.695[%PARSER_ERROR[thead]]DEBUGcom.yiran.o2o.dao.ProductDao.insertProduct - ==> Parameters: test3(String), 测试Desc3(String), test3(String), null, null, 3(Integer), 2019-10-20 01:00:23.347(Timestamp), 2019-10-20 01:00:23.347(Timestamp), 1(Integer), 1(Long), 1(Long)
2019-10-20 01:00:23.696[%PARSER_ERROR[thead]]DEBUGcom.yiran.o2o.dao.ProductDao.insertProduct - <==    Updates: 1
2019-10-20 01:00:23.726[%PARSER_ERROR[thead]]DEBUGcom.yiran.o2o.dao.ProductDao.queryProductList - ==>  Preparing: SELECT product_id, product_name, product_desc, img_addr, normal_price, promotion_price, priority, create_time, last_edit_time, enable_status, product_category_id, shop_id FROM tb_product ORDER BY priority DESC LIMIT ?,?; 
2019-10-20 01:00:23.727[%PARSER_ERROR[thead]]DEBUGcom.yiran.o2o.dao.ProductDao.queryProductList - ==> Parameters: 0(Integer), 3(Integer)
2019-10-20 01:00:23.747[%PARSER_ERROR[thead]]DEBUGcom.yiran.o2o.dao.ProductDao.queryProductList - <==      Total: 3
2019-10-20 01:00:23.753[%PARSER_ERROR[thead]]DEBUGcom.yiran.o2o.dao.ProductDao.queryProductCount - ==>  Preparing: SELECT count(1) FROM tb_product 
2019-10-20 01:00:23.754[%PARSER_ERROR[thead]]DEBUGcom.yiran.o2o.dao.ProductDao.queryProductCount - ==> Parameters: 
2019-10-20 01:00:23.755[%PARSER_ERROR[thead]]DEBUGcom.yiran.o2o.dao.ProductDao.queryProductCount - <==      Total: 1
2019-10-20 01:00:23.760[%PARSER_ERROR[thead]]DEBUGcom.yiran.o2o.dao.ProductDao.updateProduct - ==>  Preparing: UPDATE tb_product SET product_name=?, product_category_id=? WHERE product_id = ? AND shop_id=? 
2019-10-20 01:00:23.760[%PARSER_ERROR[thead]]DEBUGcom.yiran.o2o.dao.ProductDao.updateProduct - ==> Parameters: 第二个产品(String), 2(Long), 1(Long), 1(Long)
2019-10-20 01:00:23.762[%PARSER_ERROR[thead]]DEBUGcom.yiran.o2o.dao.ProductDao.updateProduct - <==    Updates: 1
2019-10-20 01:00:54.265[%PARSER_ERROR[thead]]DEBUGcom.yiran.o2o.dao.ProductDao.insertProduct - ==>  Preparing: INSERT INTO tb_product(product_name,product_desc,img_addr, normal_price,promotion_price,priority,create_time, last_edit_time,enable_status,product_category_id, shop_id) VALUES (?,?,?, ?,?,?,?, ?,?,?, ?) 
2019-10-20 01:00:54.308[%PARSER_ERROR[thead]]DEBUGcom.yiran.o2o.dao.ProductDao.insertProduct - ==> Parameters: 测试1(String), 测试Desc1(String), test1(String), null, null, 1(Integer), 2019-10-20 01:00:53.977(Timestamp), 2019-10-20 01:00:53.977(Timestamp), 1(Integer), 1(Long), 1(Long)
2019-10-20 01:00:54.310[%PARSER_ERROR[thead]]DEBUGcom.yiran.o2o.dao.ProductDao.insertProduct - <==    Updates: 1
2019-10-20 01:00:54.316[%PARSER_ERROR[thead]]DEBUGcom.yiran.o2o.dao.ProductDao.insertProduct - ==>  Preparing: INSERT INTO tb_product(product_name,product_desc,img_addr, normal_price,promotion_price,priority,create_time, last_edit_time,enable_status,product_category_id, shop_id) VALUES (?,?,?, ?,?,?,?, ?,?,?, ?) 
2019-10-20 01:00:54.317[%PARSER_ERROR[thead]]DEBUGcom.yiran.o2o.dao.ProductDao.insertProduct - ==> Parameters: 测试2(String), 测试Desc2(String), test2(String), null, null, 2(Integer), 2019-10-20 01:00:53.977(Timestamp), 2019-10-20 01:00:53.977(Timestamp), 0(Integer), 1(Long), 1(Long)
2019-10-20 01:00:54.318[%PARSER_ERROR[thead]]DEBUGcom.yiran.o2o.dao.ProductDao.insertProduct - <==    Updates: 1
2019-10-20 01:00:54.319[%PARSER_ERROR[thead]]DEBUGcom.yiran.o2o.dao.ProductDao.insertProduct - ==>  Preparing: INSERT INTO tb_product(product_name,product_desc,img_addr, normal_price,promotion_price,priority,create_time, last_edit_time,enable_status,product_category_id, shop_id) VALUES (?,?,?, ?,?,?,?, ?,?,?, ?) 
2019-10-20 01:00:54.320[%PARSER_ERROR[thead]]DEBUGcom.yiran.o2o.dao.ProductDao.insertProduct - ==> Parameters: test3(String), 测试Desc3(String), test3(String), null, null, 3(Integer), 2019-10-20 01:00:53.977(Timestamp), 2019-10-20 01:00:53.977(Timestamp), 1(Integer), 1(Long), 1(Long)
2019-10-20 01:00:54.321[%PARSER_ERROR[thead]]DEBUGcom.yiran.o2o.dao.ProductDao.insertProduct - <==    Updates: 1
2019-10-20 01:00:54.353[%PARSER_ERROR[thead]]DEBUGcom.yiran.o2o.dao.ProductDao.queryProductList - ==>  Preparing: SELECT product_id, product_name, product_desc, img_addr, normal_price, promotion_price, priority, create_time, last_edit_time, enable_status, product_category_id, shop_id FROM tb_product ORDER BY priority DESC LIMIT ?,?; 
2019-10-20 01:00:54.353[%PARSER_ERROR[thead]]DEBUGcom.yiran.o2o.dao.ProductDao.queryProductList - ==> Parameters: 0(Integer), 3(Integer)
2019-10-20 01:00:54.373[%PARSER_ERROR[thead]]DEBUGcom.yiran.o2o.dao.ProductDao.queryProductList - <==      Total: 3
2019-10-20 01:00:54.379[%PARSER_ERROR[thead]]DEBUGcom.yiran.o2o.dao.ProductDao.queryProductCount - ==>  Preparing: SELECT count(1) FROM tb_product 
2019-10-20 01:00:54.379[%PARSER_ERROR[thead]]DEBUGcom.yiran.o2o.dao.ProductDao.queryProductCount - ==> Parameters: 
2019-10-20 01:00:54.380[%PARSER_ERROR[thead]]DEBUGcom.yiran.o2o.dao.ProductDao.queryProductCount - <==      Total: 1
2019-10-20 01:00:54.382[%PARSER_ERROR[thead]]DEBUGcom.yiran.o2o.dao.ProductDao.queryProductList - ==>  Preparing: SELECT product_id, product_name, product_desc, img_addr, normal_price, promotion_price, priority, create_time, last_edit_time, enable_status, product_category_id, shop_id FROM tb_product WHERE product_name like '%测试%' ORDER BY priority DESC LIMIT ?,?; 
2019-10-20 01:00:54.383[%PARSER_ERROR[thead]]DEBUGcom.yiran.o2o.dao.ProductDao.queryProductList - ==> Parameters: 0(Integer), 3(Integer)
2019-10-20 01:00:54.385[%PARSER_ERROR[thead]]DEBUGcom.yiran.o2o.dao.ProductDao.queryProductList - <==      Total: 3
2019-10-20 01:00:54.386[%PARSER_ERROR[thead]]DEBUGcom.yiran.o2o.dao.ProductDao.queryProductCount - ==>  Preparing: SELECT count(1) FROM tb_product WHERE product_name like '%测试%' 
2019-10-20 01:00:54.386[%PARSER_ERROR[thead]]DEBUGcom.yiran.o2o.dao.ProductDao.queryProductCount - ==> Parameters: 
2019-10-20 01:00:54.387[%PARSER_ERROR[thead]]DEBUGcom.yiran.o2o.dao.ProductDao.queryProductCount - <==      Total: 1
2019-10-20 01:00:54.390[%PARSER_ERROR[thead]]DEBUGcom.yiran.o2o.dao.ProductDao.updateProduct - ==>  Preparing: UPDATE tb_product SET product_name=?, product_category_id=? WHERE product_id = ? AND shop_id=? 
2019-10-20 01:00:54.390[%PARSER_ERROR[thead]]DEBUGcom.yiran.o2o.dao.ProductDao.updateProduct - ==> Parameters: 第二个产品(String), 2(Long), 1(Long), 1(Long)
2019-10-20 01:00:54.392[%PARSER_ERROR[thead]]DEBUGcom.yiran.o2o.dao.ProductDao.updateProduct - <==    Updates: 1
2019-10-20 01:43:32.165[%PARSER_ERROR[thead]]DEBUGc.y.o2o.dao.ProductDao.updateProductCategoryToNull - ==>  Preparing: UPDATE tb_product SET product_category_id = null WHERE product_category_id = ? 
2019-10-20 01:43:32.200[%PARSER_ERROR[thead]]DEBUGc.y.o2o.dao.ProductDao.updateProductCategoryToNull - ==> Parameters: 2(Long)
2019-10-20 01:43:32.202[%PARSER_ERROR[thead]]DEBUGc.y.o2o.dao.ProductDao.updateProductCategoryToNull - <==    Updates: 1
2019-10-20 15:58:54.654[%PARSER_ERROR[thead]]DEBUGcom.yiran.o2o.dao.HeadLineDao.queryHeadLine - ==>  Preparing: SELECT line_id, line_name, line_link, line_img, priority, enable_status, create_time, last_edit_time FROM tb_head_line ORDER BY priority DESC 
2019-10-20 15:58:54.695[%PARSER_ERROR[thead]]DEBUGcom.yiran.o2o.dao.HeadLineDao.queryHeadLine - ==> Parameters: 
2019-10-20 15:58:54.719[%PARSER_ERROR[thead]]DEBUGcom.yiran.o2o.dao.HeadLineDao.queryHeadLine - <==      Total: 1
2019-10-20 16:02:22.779[%PARSER_ERROR[thead]]DEBUGc.yiran.o2o.dao.ShopCategoryDao.queryShopCategory - ==>  Preparing: SELECT shop_category_id, shop_category_name, shop_category_desc, shop_category_img, priority, create_time, last_edit_time, parent_id FROM tb_shop_category WHERE parent_id is null ORDER BY priority DESC 
2019-10-20 16:02:22.812[%PARSER_ERROR[thead]]DEBUGc.yiran.o2o.dao.ShopCategoryDao.queryShopCategory - ==> Parameters: 
2019-10-20 16:02:22.838[%PARSER_ERROR[thead]]DEBUGc.yiran.o2o.dao.ShopCategoryDao.queryShopCategory - <==      Total: 1
2019-10-20 17:32:50.073[%PARSER_ERROR[thead]]DEBUGcom.yiran.o2o.dao.ShopDao.queryShopList - ==>  Preparing: SELECT s.shop_id, s.shop_name, s.shop_desc, s.shop_addr, s.phone, s.shop_img, s.priority, s.create_time, s.last_edit_time, s.enable_status, s.advice, a.area_id, a.area_name, sc.shop_category_id, sc.shop_category_name FROM tb_shop s, tb_area a, tb_shop_category sc WHERE s.shop_category_id in (select shop_category_id from tb_shop_category WHERE parent_id = ?) AND s.area_id = a.area_id AND s.shop_category_id = sc.shop_category_id ORDER BY s.priority DESC LIMIT ?,?; 
2019-10-20 17:32:50.106[%PARSER_ERROR[thead]]DEBUGcom.yiran.o2o.dao.ShopDao.queryShopList - ==> Parameters: 1(Long), 0(Integer), 9(Integer)
2019-10-20 17:32:50.138[%PARSER_ERROR[thead]]DEBUGcom.yiran.o2o.dao.ShopDao.queryShopList - <==      Total: 9
2019-10-20 17:32:50.146[%PARSER_ERROR[thead]]DEBUGcom.yiran.o2o.dao.ShopDao.queryShopCount - ==>  Preparing: SELECT count(1) FROM tb_shop s, tb_area a, tb_shop_category sc WHERE s.shop_category_id in (select shop_category_id from tb_shop_category WHERE parent_id = ?) AND s.area_id = a.area_id AND s.shop_category_id = sc.shop_category_id 
2019-10-20 17:32:50.146[%PARSER_ERROR[thead]]DEBUGcom.yiran.o2o.dao.ShopDao.queryShopCount - ==> Parameters: 1(Long)
2019-10-20 17:32:50.148[%PARSER_ERROR[thead]]DEBUGcom.yiran.o2o.dao.ShopDao.queryShopCount - <==      Total: 1
2019-10-20 17:33:58.669[%PARSER_ERROR[thead]]DEBUGcom.yiran.o2o.dao.ShopDao.queryShopList - ==>  Preparing: SELECT s.shop_id, s.shop_name, s.shop_desc, s.shop_addr, s.phone, s.shop_img, s.priority, s.create_time, s.last_edit_time, s.enable_status, s.advice, a.area_id, a.area_name, sc.shop_category_id, sc.shop_category_name FROM tb_shop s, tb_area a, tb_shop_category sc WHERE s.shop_category_id in (select shop_category_id from tb_shop_category WHERE parent_id = ?) AND s.area_id = a.area_id AND s.shop_category_id = sc.shop_category_id ORDER BY s.priority DESC LIMIT ?,?; 
2019-10-20 17:33:58.705[%PARSER_ERROR[thead]]DEBUGcom.yiran.o2o.dao.ShopDao.queryShopList - ==> Parameters: 1(Long), 0(Integer), 10(Integer)
2019-10-20 17:33:58.736[%PARSER_ERROR[thead]]DEBUGcom.yiran.o2o.dao.ShopDao.queryShopList - <==      Total: 9
2019-10-20 17:33:58.744[%PARSER_ERROR[thead]]DEBUGcom.yiran.o2o.dao.ShopDao.queryShopCount - ==>  Preparing: SELECT count(1) FROM tb_shop s, tb_area a, tb_shop_category sc WHERE s.shop_category_id in (select shop_category_id from tb_shop_category WHERE parent_id = ?) AND s.area_id = a.area_id AND s.shop_category_id = sc.shop_category_id 
2019-10-20 17:33:58.745[%PARSER_ERROR[thead]]DEBUGcom.yiran.o2o.dao.ShopDao.queryShopCount - ==> Parameters: 1(Long)
2019-10-20 17:33:58.746[%PARSER_ERROR[thead]]DEBUGcom.yiran.o2o.dao.ShopDao.queryShopCount - <==      Total: 1
2019-10-20 17:34:24.715[%PARSER_ERROR[thead]]DEBUGcom.yiran.o2o.dao.ShopDao.queryShopList - ==>  Preparing: SELECT s.shop_id, s.shop_name, s.shop_desc, s.shop_addr, s.phone, s.shop_img, s.priority, s.create_time, s.last_edit_time, s.enable_status, s.advice, a.area_id, a.area_name, sc.shop_category_id, sc.shop_category_name FROM tb_shop s, tb_area a, tb_shop_category sc WHERE s.shop_category_id in (select shop_category_id from tb_shop_category WHERE parent_id = ?) AND s.area_id = a.area_id AND s.shop_category_id = sc.shop_category_id ORDER BY s.priority DESC LIMIT ?,?; 
2019-10-20 17:34:24.751[%PARSER_ERROR[thead]]DEBUGcom.yiran.o2o.dao.ShopDao.queryShopList - ==> Parameters: 1(Long), 0(Integer), 10(Integer)
2019-10-20 17:34:24.782[%PARSER_ERROR[thead]]DEBUGcom.yiran.o2o.dao.ShopDao.queryShopList - <==      Total: 8
2019-10-20 17:34:24.790[%PARSER_ERROR[thead]]DEBUGcom.yiran.o2o.dao.ShopDao.queryShopCount - ==>  Preparing: SELECT count(1) FROM tb_shop s, tb_area a, tb_shop_category sc WHERE s.shop_category_id in (select shop_category_id from tb_shop_category WHERE parent_id = ?) AND s.area_id = a.area_id AND s.shop_category_id = sc.shop_category_id 
2019-10-20 17:34:24.790[%PARSER_ERROR[thead]]DEBUGcom.yiran.o2o.dao.ShopDao.queryShopCount - ==> Parameters: 1(Long)
2019-10-20 17:34:24.791[%PARSER_ERROR[thead]]DEBUGcom.yiran.o2o.dao.ShopDao.queryShopCount - <==      Total: 1
